[1206/182709.014:ERROR:directory_reader_win.cc(43)] FindFirstFile: The system cannot find the path specified. (0x3)
[1225/094243.639:ERROR:directory_reader_win.cc(43)] FindFirstFile: The system cannot find the path specified. (0x3)
[1226/094334.000:ERROR:file_io.cc(90)] ReadExactly: expected 36, observed 0
[1226/102019.913:ERROR:process_reader_win.cc(151)] SuspendThread: Access is denied. (0x5)
[1226/102019.913:ERROR:process_reader_win.cc(151)] SuspendThread: Access is denied. (0x5)
[1226/102019.913:ERROR:process_reader_win.cc(123)] NtOpenThread: {Access Denied} A process has requested access to an object, but has not been granted those access rights. (0xc0000022)
[1226/102019.913:ERROR:exception_snapshot_win.cc(99)] thread ID 19532 not found in process
[1226/221647.866:ERROR:directory_reader_win.cc(43)] FindFirstFile: The system cannot find the path specified. (0x3)
[1227/065718.009:ERROR:directory_reader_win.cc(43)] FindFirstFile: The system cannot find the path specified. (0x3)
[1227/100345.417:ERROR:process_reader_win.cc(151)] SuspendThread: Access is denied. (0x5)
[1227/100345.417:ERROR:process_reader_win.cc(151)] SuspendThread: Access is denied. (0x5)
[1227/100345.417:ERROR:process_reader_win.cc(151)] SuspendThread: Access is denied. (0x5)
[1227/100345.417:ERROR:process_reader_win.cc(151)] SuspendThread: Access is denied. (0x5)
[1227/100345.417:ERROR:process_reader_win.cc(151)] SuspendThread: Access is denied. (0x5)
[1227/100345.417:ERROR:process_reader_win.cc(151)] SuspendThread: Access is denied. (0x5)
[1227/100345.417:ERROR:process_reader_win.cc(151)] SuspendThread: Access is denied. (0x5)
[1227/100345.417:ERROR:process_reader_win.cc(151)] SuspendThread: Access is denied. (0x5)
[1227/100345.417:ERROR:process_reader_win.cc(151)] SuspendThread: Access is denied. (0x5)
[1227/100345.417:ERROR:process_reader_win.cc(151)] SuspendThread: Access is denied. (0x5)
[1227/100345.417:ERROR:process_reader_win.cc(151)] SuspendThread: Access is denied. (0x5)
[1227/100345.417:ERROR:process_reader_win.cc(151)] SuspendThread: Access is denied. (0x5)
[1227/100345.417:ERROR:process_reader_win.cc(123)] NtOpenThread: {Access Denied} A process has requested access to an object, but has not been granted those access rights. (0xc0000022)
[1227/100345.417:ERROR:exception_snapshot_win.cc(99)] thread ID 3004 not found in process
[1228/192046.674:ERROR:directory_reader_win.cc(43)] FindFirstFile: The system cannot find the path specified. (0x3)
[1230/075802.073:ERROR:directory_reader_win.cc(43)] FindFirstFile: The system cannot find the path specified. (0x3)
[0101/191711.727:ERROR:directory_reader_win.cc(43)] FindFirstFile: The system cannot find the path specified. (0x3)
